<?xml version="1.0" encoding="UTF-8"?>
<!-- Generated by org.testng.reporters.JUnitXMLReporter -->
<testsuite ignored="0" hostname="mayankbarnwal.local" failures="1" tests="2" name="Google Tests" time="10.454" errors="0" timestamp="2026-02-21T00:40:37 EST">
  <testcase classname="tests.GoogleTest" name="searchForText" time="2.034">
    <failure type="java.lang.AssertionError" message="expected [true] but found [false]">
      <![CDATA[java.lang.AssertionError: expected [true] but found [false]
at tests.GoogleTest.searchForText(GoogleTest.java:23)
at java.base/java.util.ArrayList.forEach(ArrayList.java:1596)
at java.base/java.util.concurrent.FutureTask.run(FutureTask.java:317)
at java.base/java.util.concurrent.ThreadPoolExecutor.runWorker(ThreadPoolExecutor.java:1144)
at java.base/java.util.concurrent.ThreadPoolExecutor$Worker.run(ThreadPoolExecutor.java:642)
at java.base/java.lang.Thread.run(Thread.java:1583)
... Removed 19 stack frames]]>
    </failure>
  </testcase> <!-- searchForText -->
  <testcase classname="tests.GoogleTest" name="verifyGoogleTitle" time="0.119"/>
</testsuite> <!-- Google Tests -->
